=== 监控启动: 2025-03-14 21:16:52.850149 ===
[2025-03-14 21:16:52] 开始监控 app.vocabgo.com 的 UserToken 头信息...
[2025-03-14 21:16:52] 监控已启动，无需配置系统代理
[2025-03-14 21:16:52] 请访问目标网站，捕获的请求头将显示在此处
[2025-03-14 21:16:52] 按Ctrl+C停止监控
[2025-03-14 21:16:53] 检测到请求: http://app.vocabgo.com:443
[2025-03-14 21:16:53] 检测到请求: https://app.vocabgo.com/studentv1/api/Student/Main?timestamp=1741958213939&version=2.6.6.250313_05&app_type=1
[2025-03-14 21:16:53] ✓ 捕获到 UserToken: a44b1571f8b8670817d282f409ab57c4
[2025-03-14 21:16:53] 请求头信息:
[2025-03-14 21:16:53]   Host: app.vocabgo.com
[2025-03-14 21:16:53]   Connection: keep-alive
[2025-03-14 21:16:53]   Accept: application/json, text/plain, */*
[2025-03-14 21:16:53]   ABC: 0faa7f159d91b2568b5cd3f4225fb002
[2025-03-14 21:16:53]   Authorization-v: cfcd208495d565ef66e7dff9f98764da
[2025-03-14 21:16:53]   X-Requested-With: XMLHttpRequest
[2025-03-14 21:16:53]   UserToken: a44b1571f8b8670817d282f409ab57c4
[2025-03-14 21:16:53]   User-Agent: Mozilla/5.0 (Windows NT 10.0; Win64; x64) AppleWebKit/537.36 (KHTML, like Gecko) Chrome/122.0.0.0 Safari/537.36 NetType/WIFI MicroMessenger/7.0.20.1781(0x6700143B) WindowsWechat(0x63090c2d) XWEB/11581 Flue
[2025-03-14 21:16:53]   Sec-Fetch-Site: same-origin
[2025-03-14 21:16:53]   Sec-Fetch-Mode: cors
[2025-03-14 21:16:53]   Sec-Fetch-Dest: empty
[2025-03-14 21:16:53]   Referer: https://app.vocabgo.com/studentv1/
[2025-03-14 21:16:53]   Accept-Encoding: gzip, deflate, br
[2025-03-14 21:16:53]   Accept-Language: zh-CN,zh;q=0.9
[2025-03-14 21:16:53]   Cookie: _ga=GA1.1.1967216682.1741957522; _ga_4WFCFXM0S9=GS1.1.1741957521.1.1.1741957526.55.0.0
[2025-03-14 21:16:54] 检测到请求: https://app.vocabgo.com/studentv1/api/Auth/Wechat/Config
[2025-03-14 21:16:54] ✓ 捕获到 UserToken: a44b1571f8b8670817d282f409ab57c4
[2025-03-14 21:16:54] 检测到请求: http://app.vocabgo.com:443
[2025-03-14 21:16:54] 请求头信息:
[2025-03-14 21:16:54]   Host: app.vocabgo.com
[2025-03-14 21:16:54]   Connection: keep-alive
[2025-03-14 21:16:54]   Content-Length: 170
[2025-03-14 21:16:54]   Accept: application/json, text/plain, */*
[2025-03-14 21:16:54]   ABC: 0faa7f159d91b2568b5cd3f4225fb002
[2025-03-14 21:16:54]   Authorization-v: cfcd208495d565ef66e7dff9f98764da
[2025-03-14 21:16:54]   X-Requested-With: XMLHttpRequest
[2025-03-14 21:16:54]   UserToken: a44b1571f8b8670817d282f409ab57c4
[2025-03-14 21:16:54]   User-Agent: Mozilla/5.0 (Windows NT 10.0; Win64; x64) AppleWebKit/537.36 (KHTML, like Gecko) Chrome/122.0.0.0 Safari/537.36 NetType/WIFI MicroMessenger/7.0.20.1781(0x6700143B) WindowsWechat(0x63090c2d) XWEB/11581 Flue
[2025-03-14 21:16:54]   Content-Type: application/json
[2025-03-14 21:16:54]   Origin: https://app.vocabgo.com
[2025-03-14 21:16:54]   Sec-Fetch-Site: same-origin
[2025-03-14 21:16:54]   Sec-Fetch-Mode: cors
[2025-03-14 21:16:54]   Sec-Fetch-Dest: empty
[2025-03-14 21:16:54]   Referer: https://app.vocabgo.com/studentv1/
[2025-03-14 21:16:54]   Accept-Encoding: gzip, deflate, br
[2025-03-14 21:16:54]   Accept-Language: zh-CN,zh;q=0.9
[2025-03-14 21:16:54]   Cookie: _ga=GA1.1.1967216682.1741957522; _ga_4WFCFXM0S9=GS1.1.1741957521.1.1.1741958213.60.0.0
[2025-03-14 21:16:54] 检测到请求: https://app.vocabgo.com/student/api/Student/SysActivities/ListShow
[2025-03-14 21:16:54] ✓ 捕获到 UserToken: a44b1571f8b8670817d282f409ab57c4
[2025-03-14 21:16:54] 请求头信息:
[2025-03-14 21:16:54]   Host: app.vocabgo.com
[2025-03-14 21:16:54]   Connection: keep-alive
[2025-03-14 21:16:54]   Content-Length: 110
[2025-03-14 21:16:54]   Accept: application/json, text/plain, */*
[2025-03-14 21:16:54]   ABC: 0faa7f159d91b2568b5cd3f4225fb002
[2025-03-14 21:16:54]   Authorization-v: cfcd208495d565ef66e7dff9f98764da
[2025-03-14 21:16:54]   X-Requested-With: XMLHttpRequest
[2025-03-14 21:16:54]   UserToken: a44b1571f8b8670817d282f409ab57c4
[2025-03-14 21:16:54]   User-Agent: Mozilla/5.0 (Windows NT 10.0; Win64; x64) AppleWebKit/537.36 (KHTML, like Gecko) Chrome/122.0.0.0 Safari/537.36 NetType/WIFI MicroMessenger/7.0.20.1781(0x6700143B) WindowsWechat(0x63090c2d) XWEB/11581 Flue
[2025-03-14 21:16:54]   Content-Type: application/json;charset=UTF-8
[2025-03-14 21:16:54]   Origin: https://app.vocabgo.com
[2025-03-14 21:16:54]   Sec-Fetch-Site: same-origin
[2025-03-14 21:16:54]   Sec-Fetch-Mode: cors
[2025-03-14 21:16:54]   Sec-Fetch-Dest: empty
[2025-03-14 21:16:54]   Referer: https://app.vocabgo.com/studentv1/
[2025-03-14 21:16:54]   Accept-Encoding: gzip, deflate, br
[2025-03-14 21:16:54]   Accept-Language: zh-CN,zh;q=0.9
[2025-03-14 21:16:54]   Cookie: _ga=GA1.1.1967216682.1741957522; _ga_4WFCFXM0S9=GS1.1.1741957521.1.1.1741958213.60.0.0
[2025-03-14 21:17:00] 监控已停止
